{"/Users/markconnolly/Documents/code/content/appreciating-prototype-and-classes/examples/create-object.mjs": {"path":"/Users/markconnolly/Documents/code/content/appreciating-prototype-and-classes/examples/create-object.mjs","statementMap":{"0":{"start":{"line":4,"column":26},"end":{"line":4,"column":34}},"1":{"start":{"line":7,"column":22},"end":{"line":7,"column":34}},"2":{"start":{"line":8,"column":24},"end":{"line":8,"column":37}},"3":{"start":{"line":11,"column":43},"end":{"line":11,"column":55}},"4":{"start":{"line":12,"column":27},"end":{"line":12,"column":50}},"5":{"start":{"line":15,"column":25},"end":{"line":15,"column":71}},"6":{"start":{"line":16,"column":25},"end":{"line":16,"column":54}},"7":{"start":{"line":19,"column":26},"end":{"line":19,"column":50}},"8":{"start":{"line":22,"column":0},"end":{"line":22,"column":17}},"9":{"start":{"line":25,"column":0},"end":{"line":27,"column":3}},"10":{"start":{"line":31,"column":24},"end":{"line":39,"column":1}},"11":{"start":{"line":38,"column":25},"end":{"line":38,"column":41}}},"fnMap":{"0":{"name":"ObjectConstructor","decl":{"start":{"line":11,"column":16},"end":{"line":11,"column":33}},"loc":{"start":{"line":11,"column":41},"end":{"line":11,"column":56}}},"1":{"name":"inline","decl":{"start":{"line":38,"column":14},"end":{"line":38,"column":20}},"loc":{"start":{"line":38,"column":23},"end":{"line":38,"column":43}}}},"branchMap":{"0":{"loc":{"start":{"line":11,"column":34},"end":{"line":11,"column":39}},"type":"default-arg","locations":[{"start":{"line":11,"column":38},"end":{"line":11,"column":39}}]}},"s":{"0":1,"1":1,"2":1,"3":1,"4":1,"5":1,"6":1,"7":1,"8":1,"9":1,"10":1,"11":1},"f":{"0":1,"1":1},"b":{"0":[1]}}
,"/Users/markconnolly/Documents/code/content/appreciating-prototype-and-classes/examples/expanded-es6-class.mjs": {"path":"/Users/markconnolly/Documents/code/content/appreciating-prototype-and-classes/examples/expanded-es6-class.mjs","statementMap":{"0":{"start":{"line":3,"column":24},"end":{"line":3,"column":28}},"1":{"start":{"line":6,"column":8},"end":{"line":6,"column":19}},"2":{"start":{"line":7,"column":8},"end":{"line":7,"column":19}},"3":{"start":{"line":11,"column":8},"end":{"line":11,"column":37}},"4":{"start":{"line":15,"column":8},"end":{"line":15,"column":37}},"5":{"start":{"line":19,"column":8},"end":{"line":19,"column":20}},"6":{"start":{"line":20,"column":8},"end":{"line":20,"column":20}},"7":{"start":{"line":24,"column":8},"end":{"line":24,"column":32}},"8":{"start":{"line":35,"column":8},"end":{"line":35,"column":20}},"9":{"start":{"line":36,"column":8},"end":{"line":36,"column":27}},"10":{"start":{"line":37,"column":8},"end":{"line":37,"column":29}},"11":{"start":{"line":42,"column":8},"end":{"line":42,"column":40}},"12":{"start":{"line":48,"column":8},"end":{"line":48,"column":49}},"13":{"start":{"line":52,"column":8},"end":{"line":52,"column":52}},"14":{"start":{"line":56,"column":8},"end":{"line":56,"column":50}},"15":{"start":{"line":60,"column":8},"end":{"line":60,"column":53}},"16":{"start":{"line":69,"column":8},"end":{"line":69,"column":32}},"17":{"start":{"line":70,"column":8},"end":{"line":70,"column":25}},"18":{"start":{"line":74,"column":8},"end":{"line":74,"column":44}},"19":{"start":{"line":78,"column":8},"end":{"line":78,"column":41}},"20":{"start":{"line":79,"column":8},"end":{"line":79,"column":25}},"21":{"start":{"line":80,"column":8},"end":{"line":80,"column":26}}},"fnMap":{"0":{"name":"(anonymous_0)","decl":{"start":{"line":5,"column":4},"end":{"line":5,"column":15}},"loc":{"start":{"line":5,"column":30},"end":{"line":8,"column":5}}},"1":{"name":"(anonymous_1)","decl":{"start":{"line":10,"column":4},"end":{"line":10,"column":10}},"loc":{"start":{"line":10,"column":27},"end":{"line":12,"column":5}}},"2":{"name":"(anonymous_2)","decl":{"start":{"line":14,"column":4},"end":{"line":14,"column":10}},"loc":{"start":{"line":14,"column":25},"end":{"line":16,"column":5}}},"3":{"name":"(anonymous_3)","decl":{"start":{"line":18,"column":4},"end":{"line":18,"column":8}},"loc":{"start":{"line":18,"column":23},"end":{"line":21,"column":5}}},"4":{"name":"(anonymous_4)","decl":{"start":{"line":23,"column":4},"end":{"line":23,"column":7}},"loc":{"start":{"line":23,"column":23},"end":{"line":25,"column":5}}},"5":{"name":"(anonymous_5)","decl":{"start":{"line":34,"column":4},"end":{"line":34,"column":15}},"loc":{"start":{"line":34,"column":53},"end":{"line":38,"column":5}}},"6":{"name":"(anonymous_6)","decl":{"start":{"line":41,"column":4},"end":{"line":41,"column":8}},"loc":{"start":{"line":41,"column":11},"end":{"line":43,"column":5}}},"7":{"name":"(anonymous_7)","decl":{"start":{"line":47,"column":4},"end":{"line":47,"column":7}},"loc":{"start":{"line":47,"column":19},"end":{"line":49,"column":5}}},"8":{"name":"(anonymous_8)","decl":{"start":{"line":51,"column":4},"end":{"line":51,"column":7}},"loc":{"start":{"line":51,"column":16},"end":{"line":53,"column":5}}},"9":{"name":"(anonymous_9)","decl":{"start":{"line":55,"column":4},"end":{"line":55,"column":7}},"loc":{"start":{"line":55,"column":20},"end":{"line":57,"column":5}}},"10":{"name":"(anonymous_10)","decl":{"start":{"line":59,"column":4},"end":{"line":59,"column":7}},"loc":{"start":{"line":59,"column":17},"end":{"line":61,"column":5}}},"11":{"name":"(anonymous_11)","decl":{"start":{"line":68,"column":4},"end":{"line":68,"column":15}},"loc":{"start":{"line":68,"column":40},"end":{"line":71,"column":5}}},"12":{"name":"(anonymous_12)","decl":{"start":{"line":73,"column":4},"end":{"line":73,"column":7}},"loc":{"start":{"line":73,"column":15},"end":{"line":75,"column":5}}},"13":{"name":"(anonymous_13)","decl":{"start":{"line":77,"column":4},"end":{"line":77,"column":7}},"loc":{"start":{"line":77,"column":18},"end":{"line":81,"column":5}}}},"branchMap":{"0":{"loc":{"start":{"line":5,"column":16},"end":{"line":5,"column":21}},"type":"default-arg","locations":[{"start":{"line":5,"column":20},"end":{"line":5,"column":21}}]},"1":{"loc":{"start":{"line":5,"column":23},"end":{"line":5,"column":28}},"type":"default-arg","locations":[{"start":{"line":5,"column":27},"end":{"line":5,"column":28}}]},"2":{"loc":{"start":{"line":18,"column":9},"end":{"line":18,"column":14}},"type":"default-arg","locations":[{"start":{"line":18,"column":13},"end":{"line":18,"column":14}}]},"3":{"loc":{"start":{"line":18,"column":16},"end":{"line":18,"column":21}},"type":"default-arg","locations":[{"start":{"line":18,"column":20},"end":{"line":18,"column":21}}]},"4":{"loc":{"start":{"line":34,"column":16},"end":{"line":34,"column":21}},"type":"default-arg","locations":[{"start":{"line":34,"column":20},"end":{"line":34,"column":21}}]},"5":{"loc":{"start":{"line":34,"column":23},"end":{"line":34,"column":28}},"type":"default-arg","locations":[{"start":{"line":34,"column":27},"end":{"line":34,"column":28}}]},"6":{"loc":{"start":{"line":34,"column":30},"end":{"line":34,"column":39}},"type":"default-arg","locations":[{"start":{"line":34,"column":38},"end":{"line":34,"column":39}}]},"7":{"loc":{"start":{"line":34,"column":41},"end":{"line":34,"column":51}},"type":"default-arg","locations":[{"start":{"line":34,"column":50},"end":{"line":34,"column":51}}]},"8":{"loc":{"start":{"line":68,"column":16},"end":{"line":68,"column":21}},"type":"default-arg","locations":[{"start":{"line":68,"column":20},"end":{"line":68,"column":21}}]},"9":{"loc":{"start":{"line":68,"column":23},"end":{"line":68,"column":28}},"type":"default-arg","locations":[{"start":{"line":68,"column":27},"end":{"line":68,"column":28}}]},"10":{"loc":{"start":{"line":68,"column":30},"end":{"line":68,"column":38}},"type":"default-arg","locations":[{"start":{"line":68,"column":37},"end":{"line":68,"column":38}}]}},"s":{"0":1,"1":12,"2":12,"3":14,"4":21,"5":3,"6":3,"7":1,"8":7,"9":7,"10":7,"11":2,"12":9,"13":6,"14":9,"15":6,"16":2,"17":2,"18":1,"19":2,"20":2,"21":2},"f":{"0":12,"1":14,"2":21,"3":3,"4":1,"5":7,"6":2,"7":9,"8":6,"9":9,"10":6,"11":2,"12":1,"13":2},"b":{"0":[4],"1":[4],"2":[1],"3":[2],"4":[3],"5":[3],"6":[3],"7":[3],"8":[1],"9":[1],"10":[1]}}
,"/Users/markconnolly/Documents/code/content/appreciating-prototype-and-classes/examples/expanded-prototype-class.mjs": {"path":"/Users/markconnolly/Documents/code/content/appreciating-prototype-and-classes/examples/expanded-prototype-class.mjs","statementMap":{"0":{"start":{"line":4,"column":1},"end":{"line":4,"column":12}},"1":{"start":{"line":5,"column":1},"end":{"line":5,"column":12}},"2":{"start":{"line":9,"column":0},"end":{"line":23,"column":3}},"3":{"start":{"line":15,"column":3},"end":{"line":15,"column":32}},"4":{"start":{"line":20,"column":3},"end":{"line":20,"column":32}},"5":{"start":{"line":26,"column":0},"end":{"line":38,"column":3}},"6":{"start":{"line":29,"column":3},"end":{"line":29,"column":15}},"7":{"start":{"line":30,"column":3},"end":{"line":30,"column":15}},"8":{"start":{"line":35,"column":3},"end":{"line":35,"column":27}},"9":{"start":{"line":45,"column":1},"end":{"line":45,"column":20}},"10":{"start":{"line":46,"column":1},"end":{"line":46,"column":21}},"11":{"start":{"line":48,"column":1},"end":{"line":48,"column":24}},"12":{"start":{"line":49,"column":1},"end":{"line":49,"column":20}},"13":{"start":{"line":50,"column":1},"end":{"line":50,"column":22}},"14":{"start":{"line":53,"column":0},"end":{"line":75,"column":3}},"15":{"start":{"line":56,"column":3},"end":{"line":56,"column":35}},"16":{"start":{"line":61,"column":3},"end":{"line":61,"column":45}},"17":{"start":{"line":64,"column":3},"end":{"line":64,"column":48}},"18":{"start":{"line":69,"column":3},"end":{"line":69,"column":44}},"19":{"start":{"line":72,"column":3},"end":{"line":72,"column":47}},"20":{"start":{"line":77,"column":0},"end":{"line":77,"column":60}},"21":{"start":{"line":86,"column":22},"end":{"line":86,"column":35}},"22":{"start":{"line":88,"column":1},"end":{"line":91,"column":2}},"23":{"start":{"line":89,"column":2},"end":{"line":89,"column":41}},"24":{"start":{"line":90,"column":2},"end":{"line":90,"column":19}},"25":{"start":{"line":93,"column":1},"end":{"line":115,"column":4}},"26":{"start":{"line":105,"column":22},"end":{"line":105,"column":53}},"27":{"start":{"line":106,"column":4},"end":{"line":106,"column":39}},"28":{"start":{"line":110,"column":4},"end":{"line":110,"column":61}},"29":{"start":{"line":111,"column":4},"end":{"line":111,"column":21}},"30":{"start":{"line":112,"column":4},"end":{"line":112,"column":22}}},"fnMap":{"0":{"name":"Shape","decl":{"start":{"line":3,"column":16},"end":{"line":3,"column":21}},"loc":{"start":{"line":3,"column":36},"end":{"line":6,"column":1}}},"1":{"name":"fromMetric","decl":{"start":{"line":14,"column":18},"end":{"line":14,"column":28}},"loc":{"start":{"line":14,"column":34},"end":{"line":16,"column":3}}},"2":{"name":"toMetric","decl":{"start":{"line":19,"column":18},"end":{"line":19,"column":26}},"loc":{"start":{"line":19,"column":32},"end":{"line":21,"column":3}}},"3":{"name":"move","decl":{"start":{"line":28,"column":18},"end":{"line":28,"column":22}},"loc":{"start":{"line":28,"column":37},"end":{"line":31,"column":3}}},"4":{"name":"(anonymous_4)","decl":{"start":{"line":34,"column":2},"end":{"line":34,"column":5}},"loc":{"start":{"line":34,"column":8},"end":{"line":36,"column":3}}},"5":{"name":"Rectangle","decl":{"start":{"line":44,"column":16},"end":{"line":44,"column":25}},"loc":{"start":{"line":44,"column":63},"end":{"line":51,"column":1}}},"6":{"name":"area","decl":{"start":{"line":55,"column":18},"end":{"line":55,"column":22}},"loc":{"start":{"line":55,"column":25},"end":{"line":57,"column":3}}},"7":{"name":"(anonymous_7)","decl":{"start":{"line":60,"column":2},"end":{"line":60,"column":5}},"loc":{"start":{"line":60,"column":11},"end":{"line":62,"column":3}}},"8":{"name":"(anonymous_8)","decl":{"start":{"line":63,"column":2},"end":{"line":63,"column":5}},"loc":{"start":{"line":63,"column":8},"end":{"line":65,"column":3}}},"9":{"name":"(anonymous_9)","decl":{"start":{"line":68,"column":2},"end":{"line":68,"column":5}},"loc":{"start":{"line":68,"column":11},"end":{"line":70,"column":3}}},"10":{"name":"(anonymous_10)","decl":{"start":{"line":71,"column":2},"end":{"line":71,"column":5}},"loc":{"start":{"line":71,"column":8},"end":{"line":73,"column":3}}},"11":{"name":"(anonymous_11)","decl":{"start":{"line":88,"column":10},"end":{"line":88,"column":18}},"loc":{"start":{"line":88,"column":43},"end":{"line":91,"column":2}}},"12":{"name":"(anonymous_12)","decl":{"start":{"line":104,"column":3},"end":{"line":104,"column":6}},"loc":{"start":{"line":104,"column":9},"end":{"line":107,"column":4}}},"13":{"name":"(anonymous_13)","decl":{"start":{"line":109,"column":3},"end":{"line":109,"column":6}},"loc":{"start":{"line":109,"column":12},"end":{"line":113,"column":4}}}},"branchMap":{"0":{"loc":{"start":{"line":3,"column":22},"end":{"line":3,"column":27}},"type":"default-arg","locations":[{"start":{"line":3,"column":26},"end":{"line":3,"column":27}}]},"1":{"loc":{"start":{"line":3,"column":29},"end":{"line":3,"column":34}},"type":"default-arg","locations":[{"start":{"line":3,"column":33},"end":{"line":3,"column":34}}]},"2":{"loc":{"start":{"line":28,"column":23},"end":{"line":28,"column":28}},"type":"default-arg","locations":[{"start":{"line":28,"column":27},"end":{"line":28,"column":28}}]},"3":{"loc":{"start":{"line":28,"column":30},"end":{"line":28,"column":35}},"type":"default-arg","locations":[{"start":{"line":28,"column":34},"end":{"line":28,"column":35}}]},"4":{"loc":{"start":{"line":44,"column":26},"end":{"line":44,"column":31}},"type":"default-arg","locations":[{"start":{"line":44,"column":30},"end":{"line":44,"column":31}}]},"5":{"loc":{"start":{"line":44,"column":33},"end":{"line":44,"column":38}},"type":"default-arg","locations":[{"start":{"line":44,"column":37},"end":{"line":44,"column":38}}]},"6":{"loc":{"start":{"line":44,"column":40},"end":{"line":44,"column":49}},"type":"default-arg","locations":[{"start":{"line":44,"column":48},"end":{"line":44,"column":49}}]},"7":{"loc":{"start":{"line":44,"column":51},"end":{"line":44,"column":61}},"type":"default-arg","locations":[{"start":{"line":44,"column":60},"end":{"line":44,"column":61}}]},"8":{"loc":{"start":{"line":88,"column":19},"end":{"line":88,"column":24}},"type":"default-arg","locations":[{"start":{"line":88,"column":23},"end":{"line":88,"column":24}}]},"9":{"loc":{"start":{"line":88,"column":26},"end":{"line":88,"column":31}},"type":"default-arg","locations":[{"start":{"line":88,"column":30},"end":{"line":88,"column":31}}]},"10":{"loc":{"start":{"line":88,"column":33},"end":{"line":88,"column":41}},"type":"default-arg","locations":[{"start":{"line":88,"column":40},"end":{"line":88,"column":41}}]}},"s":{"0":12,"1":12,"2":1,"3":14,"4":21,"5":1,"6":3,"7":3,"8":2,"9":7,"10":7,"11":7,"12":7,"13":7,"14":1,"15":2,"16":9,"17":6,"18":9,"19":6,"20":1,"21":1,"22":1,"23":2,"24":2,"25":1,"26":1,"27":1,"28":2,"29":2,"30":2},"f":{"0":12,"1":14,"2":21,"3":3,"4":2,"5":7,"6":2,"7":9,"8":6,"9":9,"10":6,"11":2,"12":1,"13":2},"b":{"0":[4],"1":[4],"2":[1],"3":[2],"4":[3],"5":[3],"6":[3],"7":[3],"8":[1],"9":[1],"10":[1]}}
,"/Users/markconnolly/Documents/code/content/appreciating-prototype-and-classes/examples/inheritable-objects.mjs": {"path":"/Users/markconnolly/Documents/code/content/appreciating-prototype-and-classes/examples/inheritable-objects.mjs","statementMap":{"0":{"start":{"line":4,"column":21},"end":{"line":10,"column":1}},"1":{"start":{"line":8,"column":2},"end":{"line":8,"column":34}},"2":{"start":{"line":13,"column":25},"end":{"line":13,"column":45}},"3":{"start":{"line":14,"column":0},"end":{"line":14,"column":16}},"4":{"start":{"line":15,"column":0},"end":{"line":15,"column":17}},"5":{"start":{"line":16,"column":0},"end":{"line":16,"column":21}},"6":{"start":{"line":17,"column":0},"end":{"line":17,"column":22}},"7":{"start":{"line":20,"column":22},"end":{"line":20,"column":42}},"8":{"start":{"line":22,"column":0},"end":{"line":22,"column":16}},"9":{"start":{"line":23,"column":0},"end":{"line":23,"column":13}}},"fnMap":{"0":{"name":"(anonymous_0)","decl":{"start":{"line":7,"column":7},"end":{"line":7,"column":15}},"loc":{"start":{"line":7,"column":18},"end":{"line":9,"column":2}}}},"branchMap":{},"s":{"0":1,"1":3,"2":1,"3":1,"4":1,"5":1,"6":1,"7":1,"8":1,"9":1},"f":{"0":3},"b":{}}
,"/Users/markconnolly/Documents/code/content/appreciating-prototype-and-classes/examples/simple-es6-class.mjs": {"path":"/Users/markconnolly/Documents/code/content/appreciating-prototype-and-classes/examples/simple-es6-class.mjs","statementMap":{"0":{"start":{"line":4,"column":2},"end":{"line":4,"column":13}},"1":{"start":{"line":5,"column":2},"end":{"line":5,"column":13}},"2":{"start":{"line":12,"column":2},"end":{"line":12,"column":14}},"3":{"start":{"line":13,"column":2},"end":{"line":13,"column":21}},"4":{"start":{"line":14,"column":2},"end":{"line":14,"column":23}},"5":{"start":{"line":18,"column":2},"end":{"line":18,"column":34}},"6":{"start":{"line":26,"column":2},"end":{"line":26,"column":26}}},"fnMap":{"0":{"name":"(anonymous_0)","decl":{"start":{"line":3,"column":1},"end":{"line":3,"column":12}},"loc":{"start":{"line":3,"column":27},"end":{"line":6,"column":2}}},"1":{"name":"(anonymous_1)","decl":{"start":{"line":11,"column":1},"end":{"line":11,"column":12}},"loc":{"start":{"line":11,"column":50},"end":{"line":15,"column":2}}},"2":{"name":"(anonymous_2)","decl":{"start":{"line":17,"column":1},"end":{"line":17,"column":5}},"loc":{"start":{"line":17,"column":8},"end":{"line":19,"column":2}}},"3":{"name":"(anonymous_3)","decl":{"start":{"line":25,"column":1},"end":{"line":25,"column":12}},"loc":{"start":{"line":25,"column":37},"end":{"line":27,"column":2}}}},"branchMap":{"0":{"loc":{"start":{"line":3,"column":13},"end":{"line":3,"column":18}},"type":"default-arg","locations":[{"start":{"line":3,"column":17},"end":{"line":3,"column":18}}]},"1":{"loc":{"start":{"line":3,"column":20},"end":{"line":3,"column":25}},"type":"default-arg","locations":[{"start":{"line":3,"column":24},"end":{"line":3,"column":25}}]},"2":{"loc":{"start":{"line":11,"column":13},"end":{"line":11,"column":18}},"type":"default-arg","locations":[{"start":{"line":11,"column":17},"end":{"line":11,"column":18}}]},"3":{"loc":{"start":{"line":11,"column":20},"end":{"line":11,"column":25}},"type":"default-arg","locations":[{"start":{"line":11,"column":24},"end":{"line":11,"column":25}}]},"4":{"loc":{"start":{"line":11,"column":27},"end":{"line":11,"column":36}},"type":"default-arg","locations":[{"start":{"line":11,"column":35},"end":{"line":11,"column":36}}]},"5":{"loc":{"start":{"line":11,"column":38},"end":{"line":11,"column":48}},"type":"default-arg","locations":[{"start":{"line":11,"column":47},"end":{"line":11,"column":48}}]},"6":{"loc":{"start":{"line":25,"column":13},"end":{"line":25,"column":18}},"type":"default-arg","locations":[{"start":{"line":25,"column":17},"end":{"line":25,"column":18}}]},"7":{"loc":{"start":{"line":25,"column":20},"end":{"line":25,"column":25}},"type":"default-arg","locations":[{"start":{"line":25,"column":24},"end":{"line":25,"column":25}}]},"8":{"loc":{"start":{"line":25,"column":27},"end":{"line":25,"column":35}},"type":"default-arg","locations":[{"start":{"line":25,"column":34},"end":{"line":25,"column":35}}]}},"s":{"0":10,"1":10,"2":7,"3":7,"4":7,"5":2,"6":2},"f":{"0":10,"1":7,"2":2,"3":2},"b":{"0":[2],"1":[2],"2":[3],"3":[3],"4":[3],"5":[3],"6":[1],"7":[1],"8":[1]}}
,"/Users/markconnolly/Documents/code/content/appreciating-prototype-and-classes/examples/simple-prototype-class.mjs": {"path":"/Users/markconnolly/Documents/code/content/appreciating-prototype-and-classes/examples/simple-prototype-class.mjs","statementMap":{"0":{"start":{"line":4,"column":1},"end":{"line":4,"column":12}},"1":{"start":{"line":5,"column":1},"end":{"line":5,"column":12}},"2":{"start":{"line":11,"column":1},"end":{"line":11,"column":24}},"3":{"start":{"line":12,"column":1},"end":{"line":12,"column":20}},"4":{"start":{"line":13,"column":1},"end":{"line":13,"column":22}},"5":{"start":{"line":16,"column":0},"end":{"line":18,"column":2}},"6":{"start":{"line":17,"column":1},"end":{"line":17,"column":33}},"7":{"start":{"line":22,"column":0},"end":{"line":22,"column":60}},"8":{"start":{"line":28,"column":1},"end":{"line":28,"column":40}},"9":{"start":{"line":34,"column":0},"end":{"line":44,"column":3}}},"fnMap":{"0":{"name":"Shape","decl":{"start":{"line":3,"column":16},"end":{"line":3,"column":21}},"loc":{"start":{"line":3,"column":36},"end":{"line":6,"column":1}}},"1":{"name":"Rectangle","decl":{"start":{"line":10,"column":16},"end":{"line":10,"column":25}},"loc":{"start":{"line":10,"column":63},"end":{"line":14,"column":1}}},"2":{"name":"area","decl":{"start":{"line":16,"column":36},"end":{"line":16,"column":40}},"loc":{"start":{"line":16,"column":43},"end":{"line":18,"column":1}}},"3":{"name":"Square","decl":{"start":{"line":27,"column":16},"end":{"line":27,"column":22}},"loc":{"start":{"line":27,"column":47},"end":{"line":29,"column":1}}}},"branchMap":{"0":{"loc":{"start":{"line":3,"column":22},"end":{"line":3,"column":27}},"type":"default-arg","locations":[{"start":{"line":3,"column":26},"end":{"line":3,"column":27}}]},"1":{"loc":{"start":{"line":3,"column":29},"end":{"line":3,"column":34}},"type":"default-arg","locations":[{"start":{"line":3,"column":33},"end":{"line":3,"column":34}}]},"2":{"loc":{"start":{"line":10,"column":26},"end":{"line":10,"column":31}},"type":"default-arg","locations":[{"start":{"line":10,"column":30},"end":{"line":10,"column":31}}]},"3":{"loc":{"start":{"line":10,"column":33},"end":{"line":10,"column":38}},"type":"default-arg","locations":[{"start":{"line":10,"column":37},"end":{"line":10,"column":38}}]},"4":{"loc":{"start":{"line":10,"column":40},"end":{"line":10,"column":49}},"type":"default-arg","locations":[{"start":{"line":10,"column":48},"end":{"line":10,"column":49}}]},"5":{"loc":{"start":{"line":10,"column":51},"end":{"line":10,"column":61}},"type":"default-arg","locations":[{"start":{"line":10,"column":60},"end":{"line":10,"column":61}}]},"6":{"loc":{"start":{"line":27,"column":23},"end":{"line":27,"column":28}},"type":"default-arg","locations":[{"start":{"line":27,"column":27},"end":{"line":27,"column":28}}]},"7":{"loc":{"start":{"line":27,"column":30},"end":{"line":27,"column":35}},"type":"default-arg","locations":[{"start":{"line":27,"column":34},"end":{"line":27,"column":35}}]},"8":{"loc":{"start":{"line":27,"column":37},"end":{"line":27,"column":45}},"type":"default-arg","locations":[{"start":{"line":27,"column":44},"end":{"line":27,"column":45}}]}},"s":{"0":10,"1":10,"2":7,"3":7,"4":7,"5":1,"6":2,"7":1,"8":2,"9":1},"f":{"0":10,"1":7,"2":2,"3":2},"b":{"0":[2],"1":[2],"2":[3],"3":[3],"4":[3],"5":[3],"6":[1],"7":[1],"8":[1]}}
}
